<?xml version="1.0" encoding="UTF-8"?>
<!-- Generated by org.testng.reporters.JUnitReportReporter -->
<testsuite skipped="0" hostname="NOVI0121.local" name="tests.PilivoTest" tests="9" failures="0" timestamp="03 Sep 2018 17:10:32 GMT" time="56.802" errors="0">
  <testcase name="startPage" time="6.357" classname="tests.PilivoTest"/>
  <testcase name="clickOnCreateAppMenu" time="10.732" classname="tests.PilivoTest"/>
  <testcase name="clickOnGetStarted" time="0.116" classname="tests.PilivoTest"/>
  <testcase name="createNewPage" time="0.561" classname="tests.PilivoTest"/>
  <testcase name="clickOnMessaging" time="1.823" classname="tests.PilivoTest"/>
  <testcase name="dragSMS" time="5.389" classname="tests.PilivoTest"/>
  <testcase name="checkTabCreated" time="0.039" classname="tests.PilivoTest"/>
  <testcase name="dragMail" time="8.632" classname="tests.PilivoTest"/>
  <testcase name="clickBasic" time="23.153" classname="tests.PilivoTest"/>
</testsuite> <!-- tests.PilivoTest -->
