<?xml version="1.0" encoding="UTF-8"?>
<!-- Generated by org.testng.reporters.JUnitReportReporter -->
<testsuite skipped="0" hostname="SW-LP08820-2.local" name="tests.OrderTest" tests="1" failures="0" timestamp="2019-11-24T23:43:17 IST" time="12.678" errors="0">
  <testcase name="flipkartOrder" time="12.678" classname="tests.OrderTest"/>
</testsuite> <!-- tests.OrderTest -->
